{
  "stats": {
    "suites": 9,
    "tests": 25,
    "passes": 25,
    "pending": 0,
    "failures": 0,
    "start": "2017-11-02T02:55:34.609Z",
    "end": "2017-11-02T02:55:34.796Z",
    "duration": 187,
    "testsRegistered": 25,
    "passPercent": 100,
    "pendingPercent": 0,
    "other": 0,
    "hasOther": false,
    "skipped": 0,
    "hasSkipped": false,
    "passPercentClass": "success",
    "pendingPercentClass": "danger"
  },
  "suites": {
    "title": "",
    "suites": [
      {
        "title": "getServicesSuccess",
        "suites": [],
        "tests": [
          {
            "title": "should be called, and right action was returned",
            "fullTitle": "getServicesSuccess should be called, and right action was returned",
            "timedOut": false,
            "duration": 1,
            "state": "passed",
            "speed": "fast",
            "pass": true,
            "fail": false,
            "pending": false,
            "code": "var services = [{\n    \"value\": \"one app win\",\n    \"id\": 1\n}, {\n    \"value\": \"one app mac\",\n    \"id\": 2\n}, {\n    \"value\": \"one app webtalk\",\n    \"id\": 3\n}, {\n    \"value\": \"one app screenshare\",\n    \"id\": 4\n}, {\n    \"value\": \"one app office driver win\",\n    \"id\": 5\n}, {\n    \"value\": \"one app office driver mac\",\n    \"id\": 6\n}, {\n    \"value\": \"web service\",\n    \"id\": 7\n}];\nvar action = deployementAction.getServicesSuccess(services);\n(0, _chai.expect)(action).to.be.deep.equal({\n    type: types.GET_SERVICES,\n    services: services\n});",
            "err": {},
            "isRoot": false,
            "uuid": "8447ee0e-f1d4-4056-b7f1-9ddb08a52105",
            "parentUUID": "612ff50c-d285-4c69-8226-0628c009fa72",
            "isHook": false,
            "skipped": false
          }
        ],
        "pending": [],
        "root": false,
        "_timeout": 2000000,
        "file": "\\test\\actions\\deployementSystemActions.spec.js",
        "uuid": "612ff50c-d285-4c69-8226-0628c009fa72",
        "beforeHooks": [],
        "afterHooks": [],
        "fullFile": "F:\\andy_code\\testDemo\\test\\actions\\deployementSystemActions.spec.js",
        "passes": [
          {
            "title": "should be called, and right action was returned",
            "fullTitle": "getServicesSuccess should be called, and right action was returned",
            "timedOut": false,
            "duration": 1,
            "state": "passed",
            "speed": "fast",
            "pass": true,
            "fail": false,
            "pending": false,
            "code": "var services = [{\n    \"value\": \"one app win\",\n    \"id\": 1\n}, {\n    \"value\": \"one app mac\",\n    \"id\": 2\n}, {\n    \"value\": \"one app webtalk\",\n    \"id\": 3\n}, {\n    \"value\": \"one app screenshare\",\n    \"id\": 4\n}, {\n    \"value\": \"one app office driver win\",\n    \"id\": 5\n}, {\n    \"value\": \"one app office driver mac\",\n    \"id\": 6\n}, {\n    \"value\": \"web service\",\n    \"id\": 7\n}];\nvar action = deployementAction.getServicesSuccess(services);\n(0, _chai.expect)(action).to.be.deep.equal({\n    type: types.GET_SERVICES,\n    services: services\n});",
            "err": {},
            "isRoot": false,
            "uuid": "8447ee0e-f1d4-4056-b7f1-9ddb08a52105",
            "parentUUID": "612ff50c-d285-4c69-8226-0628c009fa72",
            "isHook": false,
            "skipped": false
          }
        ],
        "failures": [],
        "skipped": [],
        "hasBeforeHooks": false,
        "hasAfterHooks": false,
        "hasTests": true,
        "hasSuites": false,
        "totalTests": 1,
        "totalPasses": 1,
        "totalFailures": 0,
        "totalPending": 0,
        "totalSkipped": 0,
        "hasPasses": true,
        "hasFailures": false,
        "hasPending": false,
        "hasSkipped": false,
        "duration": 1,
        "rootEmpty": false
      },
      {
        "title": "getServices",
        "suites": [],
        "tests": [
          {
            "title": "should be called, and right action was returned",
            "fullTitle": "getServices should be called, and right action was returned",
            "timedOut": false,
            "duration": 0,
            "state": "passed",
            "speed": "fast",
            "pass": true,
            "fail": false,
            "pending": false,
            "code": "deployementAction.getServices();",
            "err": {},
            "isRoot": false,
            "uuid": "907d8df5-31e4-47db-b13d-c2abc27a3578",
            "parentUUID": "4ef12e9f-a072-4f17-8944-b79f52eb5dd2",
            "isHook": false,
            "skipped": false
          }
        ],
        "pending": [],
        "root": false,
        "_timeout": 2000000,
        "file": "\\test\\actions\\deployementSystemActions.spec.js",
        "uuid": "4ef12e9f-a072-4f17-8944-b79f52eb5dd2",
        "beforeHooks": [],
        "afterHooks": [],
        "fullFile": "F:\\andy_code\\testDemo\\test\\actions\\deployementSystemActions.spec.js",
        "passes": [
          {
            "title": "should be called, and right action was returned",
            "fullTitle": "getServices should be called, and right action was returned",
            "timedOut": false,
            "duration": 0,
            "state": "passed",
            "speed": "fast",
            "pass": true,
            "fail": false,
            "pending": false,
            "code": "deployementAction.getServices();",
            "err": {},
            "isRoot": false,
            "uuid": "907d8df5-31e4-47db-b13d-c2abc27a3578",
            "parentUUID": "4ef12e9f-a072-4f17-8944-b79f52eb5dd2",
            "isHook": false,
            "skipped": false
          }
        ],
        "failures": [],
        "skipped": [],
        "hasBeforeHooks": false,
        "hasAfterHooks": false,
        "hasTests": true,
        "hasSuites": false,
        "totalTests": 1,
        "totalPasses": 1,
        "totalFailures": 0,
        "totalPending": 0,
        "totalSkipped": 0,
        "hasPasses": true,
        "hasFailures": false,
        "hasPending": false,
        "hasSkipped": false,
        "duration": 0,
        "rootEmpty": false
      },
      {
        "title": "CheckInput component",
        "suites": [],
        "tests": [
          {
            "title": "the props should be render",
            "fullTitle": "CheckInput component the props should be render",
            "timedOut": false,
            "duration": 3,
            "state": "passed",
            "speed": "fast",
            "pass": true,
            "fail": false,
            "pending": false,
            "code": "(0, _chai.expect)(wrapper.find('input').prop('value')).to.be.contains('test value');\n(0, _chai.expect)(wrapper.find('input').prop('checked')).to.be.equal(true);\n(0, _chai.expect)(wrapper.find('input').prop('readOnly')).to.be.equal(false);\n(0, _chai.expect)(wrapper.find('input').prop('disabled')).to.be.equal(false);\n(0, _chai.expect)(wrapper.find('input').prop('name')).to.be.equal('test name');",
            "err": {},
            "isRoot": false,
            "uuid": "2ab74259-17b1-4c32-adb5-2aa9adb88a49",
            "parentUUID": "0d629359-4844-4211-bc8b-456ebc4f7eed",
            "isHook": false,
            "skipped": false
          },
          {
            "title": "the label should be render",
            "fullTitle": "CheckInput component the label should be render",
            "timedOut": false,
            "duration": 1,
            "state": "passed",
            "speed": "fast",
            "pass": true,
            "fail": false,
            "pending": false,
            "code": "(0, _chai.expect)(wrapper.find('label').prop('htmlFor')).to.be.equal(1);\n(0, _chai.expect)(wrapper.find('label').text()).to.be.equal('test label');",
            "err": {},
            "isRoot": false,
            "uuid": "12e3f87c-8f7e-4a68-bd26-e567cd775742",
            "parentUUID": "0d629359-4844-4211-bc8b-456ebc4f7eed",
            "isHook": false,
            "skipped": false
          },
          {
            "title": "the onChange method should be called",
            "fullTitle": "CheckInput component the onChange method should be called",
            "timedOut": false,
            "duration": 1,
            "state": "passed",
            "speed": "fast",
            "pass": true,
            "fail": false,
            "pending": false,
            "code": "(0, _chai.expect)(wrapper.find('input').simulate('change', { target: { value: 'hello,world' } }));\n(0, _chai.expect)(mockFunc.called).to.be.equal(true); //如果函数实际没有被调用，mockFunc.called 会返回false\n(0, _chai.expect)(mockFunc.calledOnce).to.be.equal(true);\n(0, _chai.expect)(mockFunc.calledWith({ target: { value: 'hello,world' } })).to.equal(true);",
            "err": {},
            "isRoot": false,
            "uuid": "be06716d-e4b1-4e9e-84bb-d6f6af0cb7b6",
            "parentUUID": "0d629359-4844-4211-bc8b-456ebc4f7eed",
            "isHook": false,
            "skipped": false
          }
        ],
        "pending": [],
        "root": false,
        "_timeout": 2000000,
        "file": "\\test\\components\\common\\CheckInput.spec.js",
        "uuid": "0d629359-4844-4211-bc8b-456ebc4f7eed",
        "beforeHooks": [],
        "afterHooks": [],
        "fullFile": "F:\\andy_code\\testDemo\\test\\components\\common\\CheckInput.spec.js",
        "passes": [
          {
            "title": "the props should be render",
            "fullTitle": "CheckInput component the props should be render",
            "timedOut": false,
            "duration": 3,
            "state": "passed",
            "speed": "fast",
            "pass": true,
            "fail": false,
            "pending": false,
            "code": "(0, _chai.expect)(wrapper.find('input').prop('value')).to.be.contains('test value');\n(0, _chai.expect)(wrapper.find('input').prop('checked')).to.be.equal(true);\n(0, _chai.expect)(wrapper.find('input').prop('readOnly')).to.be.equal(false);\n(0, _chai.expect)(wrapper.find('input').prop('disabled')).to.be.equal(false);\n(0, _chai.expect)(wrapper.find('input').prop('name')).to.be.equal('test name');",
            "err": {},
            "isRoot": false,
            "uuid": "2ab74259-17b1-4c32-adb5-2aa9adb88a49",
            "parentUUID": "0d629359-4844-4211-bc8b-456ebc4f7eed",
            "isHook": false,
            "skipped": false
          },
          {
            "title": "the label should be render",
            "fullTitle": "CheckInput component the label should be render",
            "timedOut": false,
            "duration": 1,
            "state": "passed",
            "speed": "fast",
            "pass": true,
            "fail": false,
            "pending": false,
            "code": "(0, _chai.expect)(wrapper.find('label').prop('htmlFor')).to.be.equal(1);\n(0, _chai.expect)(wrapper.find('label').text()).to.be.equal('test label');",
            "err": {},
            "isRoot": false,
            "uuid": "12e3f87c-8f7e-4a68-bd26-e567cd775742",
            "parentUUID": "0d629359-4844-4211-bc8b-456ebc4f7eed",
            "isHook": false,
            "skipped": false
          },
          {
            "title": "the onChange method should be called",
            "fullTitle": "CheckInput component the onChange method should be called",
            "timedOut": false,
            "duration": 1,
            "state": "passed",
            "speed": "fast",
            "pass": true,
            "fail": false,
            "pending": false,
            "code": "(0, _chai.expect)(wrapper.find('input').simulate('change', { target: { value: 'hello,world' } }));\n(0, _chai.expect)(mockFunc.called).to.be.equal(true); //如果函数实际没有被调用，mockFunc.called 会返回false\n(0, _chai.expect)(mockFunc.calledOnce).to.be.equal(true);\n(0, _chai.expect)(mockFunc.calledWith({ target: { value: 'hello,world' } })).to.equal(true);",
            "err": {},
            "isRoot": false,
            "uuid": "be06716d-e4b1-4e9e-84bb-d6f6af0cb7b6",
            "parentUUID": "0d629359-4844-4211-bc8b-456ebc4f7eed",
            "isHook": false,
            "skipped": false
          }
        ],
        "failures": [],
        "skipped": [],
        "hasBeforeHooks": false,
        "hasAfterHooks": false,
        "hasTests": true,
        "hasSuites": false,
        "totalTests": 3,
        "totalPasses": 3,
        "totalFailures": 0,
        "totalPending": 0,
        "totalSkipped": 0,
        "hasPasses": true,
        "hasFailures": false,
        "hasPending": false,
        "hasSkipped": false,
        "duration": 5,
        "rootEmpty": false
      },
      {
        "title": "CheckInput component",
        "suites": [],
        "tests": [
          {
            "title": "the application option render ",
            "fullTitle": "CheckInput component the application option render ",
            "timedOut": false,
            "duration": 3,
            "state": "passed",
            "speed": "fast",
            "pass": true,
            "fail": false,
            "pending": false,
            "code": "(0, _chai.expect)(wrapper.find('select').children().length).to.be.equal(3);\n(0, _chai.expect)(wrapper.find('select').childAt(1).text()).to.be.equal('oneApp');\n(0, _chai.expect)(wrapper.find('select').childAt(2).text()).to.be.equal('nDriver');",
            "err": {},
            "isRoot": false,
            "uuid": "d1d6d232-9792-47e7-b023-0ba3bf2a577b",
            "parentUUID": "bf8d9683-f4b4-4c60-a105-81046a96f486",
            "isHook": false,
            "skipped": false
          },
          {
            "title": "the application option slecected values",
            "fullTitle": "CheckInput component the application option slecected values",
            "timedOut": false,
            "duration": 0,
            "state": "passed",
            "speed": "fast",
            "pass": true,
            "fail": false,
            "pending": false,
            "code": "(0, _chai.expect)(wrapper.find('select').prop('value')).to.be.equal('1');",
            "err": {},
            "isRoot": false,
            "uuid": "8a8cee95-b5e5-47ad-8fda-910776efa97c",
            "parentUUID": "bf8d9683-f4b4-4c60-a105-81046a96f486",
            "isHook": false,
            "skipped": false
          },
          {
            "title": "the option onChange method be called",
            "fullTitle": "CheckInput component the option onChange method be called",
            "timedOut": false,
            "duration": 2,
            "state": "passed",
            "speed": "fast",
            "pass": true,
            "fail": false,
            "pending": false,
            "code": "(0, _chai.expect)(wrapper.find('select').simulate('change'), { target: { value: '2' } }); //只会去触发onChange事件，并不会去证明这个方法有没有，没有也不会报错",
            "err": {},
            "isRoot": false,
            "uuid": "842eb1ab-f948-4544-8a58-e8db95091078",
            "parentUUID": "bf8d9683-f4b4-4c60-a105-81046a96f486",
            "isHook": false,
            "skipped": false
          }
        ],
        "pending": [],
        "root": false,
        "_timeout": 2000000,
        "file": "\\test\\components\\ComposeComponent\\ApplicationComponent.spec.js",
        "uuid": "bf8d9683-f4b4-4c60-a105-81046a96f486",
        "beforeHooks": [],
        "afterHooks": [],
        "fullFile": "F:\\andy_code\\testDemo\\test\\components\\ComposeComponent\\ApplicationComponent.spec.js",
        "passes": [
          {
            "title": "the application option render ",
            "fullTitle": "CheckInput component the application option render ",
            "timedOut": false,
            "duration": 3,
            "state": "passed",
            "speed": "fast",
            "pass": true,
            "fail": false,
            "pending": false,
            "code": "(0, _chai.expect)(wrapper.find('select').children().length).to.be.equal(3);\n(0, _chai.expect)(wrapper.find('select').childAt(1).text()).to.be.equal('oneApp');\n(0, _chai.expect)(wrapper.find('select').childAt(2).text()).to.be.equal('nDriver');",
            "err": {},
            "isRoot": false,
            "uuid": "d1d6d232-9792-47e7-b023-0ba3bf2a577b",
            "parentUUID": "bf8d9683-f4b4-4c60-a105-81046a96f486",
            "isHook": false,
            "skipped": false
          },
          {
            "title": "the application option slecected values",
            "fullTitle": "CheckInput component the application option slecected values",
            "timedOut": false,
            "duration": 0,
            "state": "passed",
            "speed": "fast",
            "pass": true,
            "fail": false,
            "pending": false,
            "code": "(0, _chai.expect)(wrapper.find('select').prop('value')).to.be.equal('1');",
            "err": {},
            "isRoot": false,
            "uuid": "8a8cee95-b5e5-47ad-8fda-910776efa97c",
            "parentUUID": "bf8d9683-f4b4-4c60-a105-81046a96f486",
            "isHook": false,
            "skipped": false
          },
          {
            "title": "the option onChange method be called",
            "fullTitle": "CheckInput component the option onChange method be called",
            "timedOut": false,
            "duration": 2,
            "state": "passed",
            "speed": "fast",
            "pass": true,
            "fail": false,
            "pending": false,
            "code": "(0, _chai.expect)(wrapper.find('select').simulate('change'), { target: { value: '2' } }); //只会去触发onChange事件，并不会去证明这个方法有没有，没有也不会报错",
            "err": {},
            "isRoot": false,
            "uuid": "842eb1ab-f948-4544-8a58-e8db95091078",
            "parentUUID": "bf8d9683-f4b4-4c60-a105-81046a96f486",
            "isHook": false,
            "skipped": false
          }
        ],
        "failures": [],
        "skipped": [],
        "hasBeforeHooks": false,
        "hasAfterHooks": false,
        "hasTests": true,
        "hasSuites": false,
        "totalTests": 3,
        "totalPasses": 3,
        "totalFailures": 0,
        "totalPending": 0,
        "totalSkipped": 0,
        "hasPasses": true,
        "hasFailures": false,
        "hasPending": false,
        "hasSkipped": false,
        "duration": 5,
        "rootEmpty": false
      },
      {
        "title": "container test suite",
        "suites": [],
        "tests": [
          {
            "title": "container_timeout_getData",
            "fullTitle": "container test suite container_timeout_getData",
            "timedOut": false,
            "duration": 0,
            "state": "passed",
            "speed": "fast",
            "pass": true,
            "fail": false,
            "pending": false,
            "code": "setTimeout(function () {\n    (0, _chai.expect)(wrapper.props().store.getState().services.length).to.be.equal(7);\n}, 500);",
            "err": {},
            "isRoot": false,
            "uuid": "1c9cfb34-e3ae-4ae3-a1ae-cdd9da0df649",
            "parentUUID": "a6b2e3df-dba9-443f-ab80-c70f72a4bec0",
            "isHook": false,
            "skipped": false
          },
          {
            "title": "container_changeMethod",
            "fullTitle": "container test suite container_changeMethod",
            "timedOut": false,
            "duration": 6,
            "state": "passed",
            "speed": "fast",
            "pass": true,
            "fail": false,
            "pending": false,
            "code": "wrapper.find('#service').simulate('change', { target: { value: 2 } });\n(0, _chai.expect)(wrapper.find('#service').prop('value')).to.equal(2);\n(0, _chai.expect)(wrapper.props().store.getState().version.serviceId).to.be.equal(2);",
            "err": {},
            "isRoot": false,
            "uuid": "fc3d9c37-ec5d-4e91-b5b5-f9925066d114",
            "parentUUID": "a6b2e3df-dba9-443f-ab80-c70f72a4bec0",
            "isHook": false,
            "skipped": false
          }
        ],
        "pending": [],
        "root": false,
        "_timeout": 2000000,
        "file": "\\test\\containers\\ComposeContainer.spec.js",
        "uuid": "a6b2e3df-dba9-443f-ab80-c70f72a4bec0",
        "beforeHooks": [
          {
            "title": "\"before all\" hook: before hooks",
            "fullTitle": "container test suite \"before all\" hook: before hooks",
            "timedOut": false,
            "duration": 34,
            "pass": false,
            "fail": false,
            "pending": false,
            "code": "wrapper = (0, _enzyme.mount)(_react2.default.createElement(\n    _reactRedux.Provider,\n    { store: store },\n    _react2.default.createElement(_ComposeContainer2.default, null)\n), {\n    lifecycleExperimental: true,\n    disableLifecycleMethods: false\n});",
            "err": {},
            "isRoot": false,
            "uuid": "6a559cfd-5fbc-4f24-9bc0-c6bb4c2bea6e",
            "parentUUID": "a6b2e3df-dba9-443f-ab80-c70f72a4bec0",
            "isHook": true,
            "skipped": false
          }
        ],
        "afterHooks": [],
        "fullFile": "F:\\andy_code\\testDemo\\test\\containers\\ComposeContainer.spec.js",
        "passes": [
          {
            "title": "container_timeout_getData",
            "fullTitle": "container test suite container_timeout_getData",
            "timedOut": false,
            "duration": 0,
            "state": "passed",
            "speed": "fast",
            "pass": true,
            "fail": false,
            "pending": false,
            "code": "setTimeout(function () {\n    (0, _chai.expect)(wrapper.props().store.getState().services.length).to.be.equal(7);\n}, 500);",
            "err": {},
            "isRoot": false,
            "uuid": "1c9cfb34-e3ae-4ae3-a1ae-cdd9da0df649",
            "parentUUID": "a6b2e3df-dba9-443f-ab80-c70f72a4bec0",
            "isHook": false,
            "skipped": false
          },
          {
            "title": "container_changeMethod",
            "fullTitle": "container test suite container_changeMethod",
            "timedOut": false,
            "duration": 6,
            "state": "passed",
            "speed": "fast",
            "pass": true,
            "fail": false,
            "pending": false,
            "code": "wrapper.find('#service').simulate('change', { target: { value: 2 } });\n(0, _chai.expect)(wrapper.find('#service').prop('value')).to.equal(2);\n(0, _chai.expect)(wrapper.props().store.getState().version.serviceId).to.be.equal(2);",
            "err": {},
            "isRoot": false,
            "uuid": "fc3d9c37-ec5d-4e91-b5b5-f9925066d114",
            "parentUUID": "a6b2e3df-dba9-443f-ab80-c70f72a4bec0",
            "isHook": false,
            "skipped": false
          }
        ],
        "failures": [],
        "skipped": [],
        "hasBeforeHooks": true,
        "hasAfterHooks": false,
        "hasTests": true,
        "hasSuites": false,
        "totalTests": 2,
        "totalPasses": 2,
        "totalFailures": 0,
        "totalPending": 0,
        "totalSkipped": 0,
        "hasPasses": true,
        "hasFailures": false,
        "hasPending": false,
        "hasSkipped": false,
        "duration": 6,
        "rootEmpty": false
      },
      {
        "title": "reducers should return the new state after applying the action to the previous state",
        "suites": [],
        "tests": [
          {
            "title": "should return the inital state",
            "fullTitle": "reducers should return the new state after applying the action to the previous state should return the inital state",
            "timedOut": false,
            "duration": 0,
            "state": "passed",
            "speed": "fast",
            "pass": true,
            "fail": false,
            "pending": false,
            "code": "var action = 'unknown';\nvar newState = (0, _servicesReducer2.default)(undefined, action);\n(0, _chai.expect)(newState).to.be.deep.equal(initState);",
            "err": {},
            "isRoot": false,
            "uuid": "22cab5cd-2887-447c-b1d3-770c012b37a8",
            "parentUUID": "5b56c1d4-bb23-40b4-aac3-2e413f7d2f1b",
            "isHook": false,
            "skipped": false
          },
          {
            "title": "handle expected action",
            "fullTitle": "reducers should return the new state after applying the action to the previous state handle expected action",
            "timedOut": false,
            "duration": 1,
            "state": "passed",
            "speed": "fast",
            "pass": true,
            "fail": false,
            "pending": false,
            "code": "var services = [{\n    \"id\": 1,\n    \"serviceName\": \"ncs1\"\n}];\nvar action = {\n    type: types.GET_SERVICES,\n    services: services\n};\nvar newState = (0, _servicesReducer2.default)(initState, action);\nconsole.log(newState);\n(0, _chai.expect)(newState).to.be.deep.equal(services);",
            "err": {},
            "isRoot": false,
            "uuid": "3b4fec49-13a2-44db-b1d4-3dbcb9b61e47",
            "parentUUID": "5b56c1d4-bb23-40b4-aac3-2e413f7d2f1b",
            "isHook": false,
            "skipped": false
          }
        ],
        "pending": [],
        "root": false,
        "_timeout": 2000000,
        "file": "\\test\\reducers\\servicesReducer.spec.js",
        "uuid": "5b56c1d4-bb23-40b4-aac3-2e413f7d2f1b",
        "beforeHooks": [],
        "afterHooks": [],
        "fullFile": "F:\\andy_code\\testDemo\\test\\reducers\\servicesReducer.spec.js",
        "passes": [
          {
            "title": "should return the inital state",
            "fullTitle": "reducers should return the new state after applying the action to the previous state should return the inital state",
            "timedOut": false,
            "duration": 0,
            "state": "passed",
            "speed": "fast",
            "pass": true,
            "fail": false,
            "pending": false,
            "code": "var action = 'unknown';\nvar newState = (0, _servicesReducer2.default)(undefined, action);\n(0, _chai.expect)(newState).to.be.deep.equal(initState);",
            "err": {},
            "isRoot": false,
            "uuid": "22cab5cd-2887-447c-b1d3-770c012b37a8",
            "parentUUID": "5b56c1d4-bb23-40b4-aac3-2e413f7d2f1b",
            "isHook": false,
            "skipped": false
          },
          {
            "title": "handle expected action",
            "fullTitle": "reducers should return the new state after applying the action to the previous state handle expected action",
            "timedOut": false,
            "duration": 1,
            "state": "passed",
            "speed": "fast",
            "pass": true,
            "fail": false,
            "pending": false,
            "code": "var services = [{\n    \"id\": 1,\n    \"serviceName\": \"ncs1\"\n}];\nvar action = {\n    type: types.GET_SERVICES,\n    services: services\n};\nvar newState = (0, _servicesReducer2.default)(initState, action);\nconsole.log(newState);\n(0, _chai.expect)(newState).to.be.deep.equal(services);",
            "err": {},
            "isRoot": false,
            "uuid": "3b4fec49-13a2-44db-b1d4-3dbcb9b61e47",
            "parentUUID": "5b56c1d4-bb23-40b4-aac3-2e413f7d2f1b",
            "isHook": false,
            "skipped": false
          }
        ],
        "failures": [],
        "skipped": [],
        "hasBeforeHooks": false,
        "hasAfterHooks": false,
        "hasTests": true,
        "hasSuites": false,
        "totalTests": 2,
        "totalPasses": 2,
        "totalFailures": 0,
        "totalPending": 0,
        "totalSkipped": 0,
        "hasPasses": true,
        "hasFailures": false,
        "hasPending": false,
        "hasSkipped": false,
        "duration": 1,
        "rootEmpty": false
      },
      {
        "title": "AddListComponent",
        "suites": [],
        "tests": [
          {
            "title": "the component should ul",
            "fullTitle": "AddListComponent the component should ul",
            "timedOut": false,
            "duration": 1,
            "state": "passed",
            "speed": "fast",
            "pass": true,
            "fail": false,
            "pending": false,
            "code": "var wrapper = (0, _enzyme.shallow)(_react2.default.createElement(_ListAddComponent.AddListComponent, { datas: [] }));\n(0, _chai.expect)(wrapper.contains(_react2.default.createElement('ul', null))).to.be.equal(true);",
            "err": {},
            "isRoot": false,
            "uuid": "c90fb7e7-ba3c-442d-bf6b-8737e5368987",
            "parentUUID": "8609edda-8b30-4b03-8eec-838d25e4391b",
            "isHook": false,
            "skipped": false
          },
          {
            "title": "the component should have ul",
            "fullTitle": "AddListComponent the component should have ul",
            "timedOut": false,
            "duration": 0,
            "state": "passed",
            "speed": "fast",
            "pass": true,
            "fail": false,
            "pending": false,
            "code": "var wrapper = (0, _enzyme.shallow)(_react2.default.createElement(_ListAddComponent.AddListComponent, { datas: [1, 2] }));\n(0, _chai.expect)(wrapper.find('li').length).to.be.equal(2);",
            "err": {},
            "isRoot": false,
            "uuid": "50512a5b-c652-4141-9475-740bfa3c29db",
            "parentUUID": "8609edda-8b30-4b03-8eec-838d25e4391b",
            "isHook": false,
            "skipped": false
          }
        ],
        "pending": [],
        "root": false,
        "_timeout": 2000000,
        "file": "\\test\\TDD\\AddListComponent.spec.js",
        "uuid": "8609edda-8b30-4b03-8eec-838d25e4391b",
        "beforeHooks": [],
        "afterHooks": [],
        "fullFile": "F:\\andy_code\\testDemo\\test\\TDD\\AddListComponent.spec.js",
        "passes": [
          {
            "title": "the component should ul",
            "fullTitle": "AddListComponent the component should ul",
            "timedOut": false,
            "duration": 1,
            "state": "passed",
            "speed": "fast",
            "pass": true,
            "fail": false,
            "pending": false,
            "code": "var wrapper = (0, _enzyme.shallow)(_react2.default.createElement(_ListAddComponent.AddListComponent, { datas: [] }));\n(0, _chai.expect)(wrapper.contains(_react2.default.createElement('ul', null))).to.be.equal(true);",
            "err": {},
            "isRoot": false,
            "uuid": "c90fb7e7-ba3c-442d-bf6b-8737e5368987",
            "parentUUID": "8609edda-8b30-4b03-8eec-838d25e4391b",
            "isHook": false,
            "skipped": false
          },
          {
            "title": "the component should have ul",
            "fullTitle": "AddListComponent the component should have ul",
            "timedOut": false,
            "duration": 0,
            "state": "passed",
            "speed": "fast",
            "pass": true,
            "fail": false,
            "pending": false,
            "code": "var wrapper = (0, _enzyme.shallow)(_react2.default.createElement(_ListAddComponent.AddListComponent, { datas: [1, 2] }));\n(0, _chai.expect)(wrapper.find('li').length).to.be.equal(2);",
            "err": {},
            "isRoot": false,
            "uuid": "50512a5b-c652-4141-9475-740bfa3c29db",
            "parentUUID": "8609edda-8b30-4b03-8eec-838d25e4391b",
            "isHook": false,
            "skipped": false
          }
        ],
        "failures": [],
        "skipped": [],
        "hasBeforeHooks": false,
        "hasAfterHooks": false,
        "hasTests": true,
        "hasSuites": false,
        "totalTests": 2,
        "totalPasses": 2,
        "totalFailures": 0,
        "totalPending": 0,
        "totalSkipped": 0,
        "hasPasses": true,
        "hasFailures": false,
        "hasPending": false,
        "hasSkipped": false,
        "duration": 1,
        "rootEmpty": false
      },
      {
        "title": "InputAreaComponent",
        "suites": [],
        "tests": [
          {
            "title": "the component should contain the input and button",
            "fullTitle": "InputAreaComponent the component should contain the input and button",
            "timedOut": false,
            "duration": 2,
            "state": "passed",
            "speed": "fast",
            "pass": true,
            "fail": false,
            "pending": false,
            "code": "var wrapper = (0, _enzyme.shallow)(_react2.default.createElement(_ListAddComponent.InputAreaComponent, null));\n(0, _chai.expect)(wrapper.containsAllMatchingElements([_react2.default.createElement('input', null), _react2.default.createElement(\n    'button',\n    null,\n    'add'\n)])).to.be.equal(true);",
            "err": {},
            "isRoot": false,
            "uuid": "7e8724ad-2ec3-45a0-8c7c-9a9266ea5b44",
            "parentUUID": "67ab2709-9cdc-45d4-9395-daff4b909428",
            "isHook": false,
            "skipped": false
          },
          {
            "title": "testing the input onChange",
            "fullTitle": "InputAreaComponent testing the input onChange",
            "timedOut": false,
            "duration": 1,
            "state": "passed",
            "speed": "fast",
            "pass": true,
            "fail": false,
            "pending": false,
            "code": "var changeMock = _sinon2.default.spy();\nvar props = {\n    textChange: changeMock\n};\nvar wrapper = (0, _enzyme.shallow)(_react2.default.createElement(_ListAddComponent.InputAreaComponent, props));\nwrapper.find('input').simulate('change', { target: { value: 'input value' } });\n(0, _chai.expect)(changeMock.calledWith({ target: { value: 'input value' } })).to.equal(true);\n(0, _chai.expect)(changeMock.calledOnce).to.equal(true);",
            "err": {},
            "isRoot": false,
            "uuid": "9cb613c9-95be-4a90-9a84-159e19bf0642",
            "parentUUID": "67ab2709-9cdc-45d4-9395-daff4b909428",
            "isHook": false,
            "skipped": false
          },
          {
            "title": "testing the input onSubmit",
            "fullTitle": "InputAreaComponent testing the input onSubmit",
            "timedOut": false,
            "duration": 0,
            "state": "passed",
            "speed": "fast",
            "pass": true,
            "fail": false,
            "pending": false,
            "code": "var changeMock = _sinon2.default.spy();\nvar props = {\n    onSubmit: changeMock\n};\nvar wrapper = (0, _enzyme.shallow)(_react2.default.createElement(_ListAddComponent.InputAreaComponent, props));\nwrapper.find('button').simulate('submit', { target: { value: 'submit value' } });\n(0, _chai.expect)(changeMock.calledOnce).to.equal(true);",
            "err": {},
            "isRoot": false,
            "uuid": "cabea6d4-65a5-42d1-acf2-a32dd7c8f4b1",
            "parentUUID": "67ab2709-9cdc-45d4-9395-daff4b909428",
            "isHook": false,
            "skipped": false
          }
        ],
        "pending": [],
        "root": false,
        "_timeout": 2000000,
        "file": "\\test\\TDD\\InputAreaComponent.spec.js",
        "uuid": "67ab2709-9cdc-45d4-9395-daff4b909428",
        "beforeHooks": [],
        "afterHooks": [],
        "fullFile": "F:\\andy_code\\testDemo\\test\\TDD\\InputAreaComponent.spec.js",
        "passes": [
          {
            "title": "the component should contain the input and button",
            "fullTitle": "InputAreaComponent the component should contain the input and button",
            "timedOut": false,
            "duration": 2,
            "state": "passed",
            "speed": "fast",
            "pass": true,
            "fail": false,
            "pending": false,
            "code": "var wrapper = (0, _enzyme.shallow)(_react2.default.createElement(_ListAddComponent.InputAreaComponent, null));\n(0, _chai.expect)(wrapper.containsAllMatchingElements([_react2.default.createElement('input', null), _react2.default.createElement(\n    'button',\n    null,\n    'add'\n)])).to.be.equal(true);",
            "err": {},
            "isRoot": false,
            "uuid": "7e8724ad-2ec3-45a0-8c7c-9a9266ea5b44",
            "parentUUID": "67ab2709-9cdc-45d4-9395-daff4b909428",
            "isHook": false,
            "skipped": false
          },
          {
            "title": "testing the input onChange",
            "fullTitle": "InputAreaComponent testing the input onChange",
            "timedOut": false,
            "duration": 1,
            "state": "passed",
            "speed": "fast",
            "pass": true,
            "fail": false,
            "pending": false,
            "code": "var changeMock = _sinon2.default.spy();\nvar props = {\n    textChange: changeMock\n};\nvar wrapper = (0, _enzyme.shallow)(_react2.default.createElement(_ListAddComponent.InputAreaComponent, props));\nwrapper.find('input').simulate('change', { target: { value: 'input value' } });\n(0, _chai.expect)(changeMock.calledWith({ target: { value: 'input value' } })).to.equal(true);\n(0, _chai.expect)(changeMock.calledOnce).to.equal(true);",
            "err": {},
            "isRoot": false,
            "uuid": "9cb613c9-95be-4a90-9a84-159e19bf0642",
            "parentUUID": "67ab2709-9cdc-45d4-9395-daff4b909428",
            "isHook": false,
            "skipped": false
          },
          {
            "title": "testing the input onSubmit",
            "fullTitle": "InputAreaComponent testing the input onSubmit",
            "timedOut": false,
            "duration": 0,
            "state": "passed",
            "speed": "fast",
            "pass": true,
            "fail": false,
            "pending": false,
            "code": "var changeMock = _sinon2.default.spy();\nvar props = {\n    onSubmit: changeMock\n};\nvar wrapper = (0, _enzyme.shallow)(_react2.default.createElement(_ListAddComponent.InputAreaComponent, props));\nwrapper.find('button').simulate('submit', { target: { value: 'submit value' } });\n(0, _chai.expect)(changeMock.calledOnce).to.equal(true);",
            "err": {},
            "isRoot": false,
            "uuid": "cabea6d4-65a5-42d1-acf2-a32dd7c8f4b1",
            "parentUUID": "67ab2709-9cdc-45d4-9395-daff4b909428",
            "isHook": false,
            "skipped": false
          }
        ],
        "failures": [],
        "skipped": [],
        "hasBeforeHooks": false,
        "hasAfterHooks": false,
        "hasTests": true,
        "hasSuites": false,
        "totalTests": 3,
        "totalPasses": 3,
        "totalFailures": 0,
        "totalPending": 0,
        "totalSkipped": 0,
        "hasPasses": true,
        "hasFailures": false,
        "hasPending": false,
        "hasSkipped": false,
        "duration": 3,
        "rootEmpty": false
      },
      {
        "title": "ListAddContainer",
        "suites": [],
        "tests": [
          {
            "title": "the container should contain the InputArea and AddList component",
            "fullTitle": "ListAddContainer the container should contain the InputArea and AddList component",
            "timedOut": false,
            "duration": 1,
            "state": "passed",
            "speed": "fast",
            "pass": true,
            "fail": false,
            "pending": false,
            "code": "var wrapperShallow = (0, _enzyme.shallow)(_react2.default.createElement(_ListAddContainer2.default, null));\n(0, _chai.expect)(wrapperShallow.containsAllMatchingElements([_react2.default.createElement(_ListAddComponent.InputAreaComponent, null), _react2.default.createElement(_ListAddComponent.AddListComponent, null)])).to.be.equal(true);",
            "err": {},
            "isRoot": false,
            "uuid": "f2acbdf1-234b-4525-820e-b408f90fd4a6",
            "parentUUID": "94b33c29-2b4e-4dfe-8044-520f7eae90ab",
            "isHook": false,
            "skipped": false
          },
          {
            "title": "testing the Container State",
            "fullTitle": "ListAddContainer testing the Container State",
            "timedOut": false,
            "duration": 3,
            "state": "passed",
            "speed": "fast",
            "pass": true,
            "fail": false,
            "pending": false,
            "code": "var wrapper = (0, _enzyme.mount)(_react2.default.createElement(_ListAddContainer2.default, null));\n(0, _chai.expect)(wrapper.state('datas')).to.be.deep.equal([]);",
            "err": {},
            "isRoot": false,
            "uuid": "5afcfe77-c9d5-43ec-8bfc-74234a071bc6",
            "parentUUID": "94b33c29-2b4e-4dfe-8044-520f7eae90ab",
            "isHook": false,
            "skipped": false
          },
          {
            "title": "testing add an item",
            "fullTitle": "ListAddContainer testing add an item",
            "timedOut": false,
            "duration": 4,
            "state": "passed",
            "speed": "fast",
            "pass": true,
            "fail": false,
            "pending": false,
            "code": "var wrapper = (0, _enzyme.mount)(_react2.default.createElement(_ListAddContainer2.default, null));\nwrapper.instance().addItem('data1');\n(0, _chai.expect)(wrapper.state('datas')).to.be.deep.equal(['data1']);",
            "err": {},
            "isRoot": false,
            "uuid": "83930f00-b6ac-46fb-81ed-42ffdd52061f",
            "parentUUID": "94b33c29-2b4e-4dfe-8044-520f7eae90ab",
            "isHook": false,
            "skipped": false
          },
          {
            "title": "testing the state text prop is exist ",
            "fullTitle": "ListAddContainer testing the state text prop is exist ",
            "timedOut": false,
            "duration": 2,
            "state": "passed",
            "speed": "fast",
            "pass": true,
            "fail": false,
            "pending": false,
            "code": "var wrapper = (0, _enzyme.mount)(_react2.default.createElement(_ListAddContainer2.default, null));\n(0, _chai.expect)(wrapper.find('InputArea').prop('text')).to.equal('');",
            "err": {},
            "isRoot": false,
            "uuid": "b008cbc1-a820-4849-9340-73f9a0c0e198",
            "parentUUID": "94b33c29-2b4e-4dfe-8044-520f7eae90ab",
            "isHook": false,
            "skipped": false
          },
          {
            "title": "testing add the onSubmit method",
            "fullTitle": "ListAddContainer testing add the onSubmit method",
            "timedOut": false,
            "duration": 1,
            "state": "passed",
            "speed": "fast",
            "pass": true,
            "fail": false,
            "pending": false,
            "code": "var wrapper = (0, _enzyme.mount)(_react2.default.createElement(_ListAddContainer2.default, null));\nvar addItem = wrapper.instance().addItem;\n(0, _chai.expect)(wrapper.find('InputArea').prop('onSubmit')).to.equal(addItem);",
            "err": {},
            "isRoot": false,
            "uuid": "1cc6558b-e0b2-496c-8aac-988e2289bd50",
            "parentUUID": "94b33c29-2b4e-4dfe-8044-520f7eae90ab",
            "isHook": false,
            "skipped": false
          },
          {
            "title": "test textChange method",
            "fullTitle": "ListAddContainer test textChange method",
            "timedOut": false,
            "duration": 2,
            "state": "passed",
            "speed": "fast",
            "pass": true,
            "fail": false,
            "pending": false,
            "code": "var wrapper = (0, _enzyme.mount)(_react2.default.createElement(_ListAddContainer2.default, null));\nvar textChange = wrapper.instance().textChange;\n(0, _chai.expect)(wrapper.find('InputArea').prop('textChange')).to.equal(textChange);",
            "err": {},
            "isRoot": false,
            "uuid": "3a25acfb-d239-4667-b4c7-2a3d440b28c3",
            "parentUUID": "94b33c29-2b4e-4dfe-8044-520f7eae90ab",
            "isHook": false,
            "skipped": false
          },
          {
            "title": "Verrifying the Binding",
            "fullTitle": "ListAddContainer Verrifying the Binding",
            "timedOut": false,
            "duration": 4,
            "state": "passed",
            "speed": "fast",
            "pass": true,
            "fail": false,
            "pending": false,
            "code": "var wrapper = (0, _enzyme.mount)(_react2.default.createElement(_ListAddContainer2.default, null));\nwrapper.find(_ListAddComponent.InputAreaComponent).prop('onSubmit')('handle method');\n(0, _chai.expect)(wrapper.state('datas')).to.be.deep.equal(['handle method']);",
            "err": {},
            "isRoot": false,
            "uuid": "34c6009a-8ab8-467e-a906-b1b97fae2f83",
            "parentUUID": "94b33c29-2b4e-4dfe-8044-520f7eae90ab",
            "isHook": false,
            "skipped": false
          },
          {
            "title": "render the item",
            "fullTitle": "ListAddContainer render the item",
            "timedOut": false,
            "duration": 9,
            "state": "passed",
            "speed": "fast",
            "pass": true,
            "fail": false,
            "pending": false,
            "code": "var wrapper = (0, _enzyme.mount)(_react2.default.createElement(_ListAddContainer2.default, null));\nwrapper.find('input').simulate('change', { target: { value: 'input value' } });\n(0, _chai.expect)(wrapper.state('text')).to.be.equal('input value');\nwrapper.find('button').simulate('submit');\n(0, _chai.expect)(wrapper.state('datas')).to.be.deep.equal(['input value']);",
            "err": {},
            "isRoot": false,
            "uuid": "6bdd7463-efa0-4976-b58b-30bd416ac1d1",
            "parentUUID": "94b33c29-2b4e-4dfe-8044-520f7eae90ab",
            "isHook": false,
            "skipped": false
          }
        ],
        "pending": [],
        "root": false,
        "_timeout": 2000000,
        "file": "\\test\\TDD\\ListAddContainer.spec..js",
        "uuid": "94b33c29-2b4e-4dfe-8044-520f7eae90ab",
        "beforeHooks": [],
        "afterHooks": [],
        "fullFile": "F:\\andy_code\\testDemo\\test\\TDD\\ListAddContainer.spec..js",
        "passes": [
          {
            "title": "the container should contain the InputArea and AddList component",
            "fullTitle": "ListAddContainer the container should contain the InputArea and AddList component",
            "timedOut": false,
            "duration": 1,
            "state": "passed",
            "speed": "fast",
            "pass": true,
            "fail": false,
            "pending": false,
            "code": "var wrapperShallow = (0, _enzyme.shallow)(_react2.default.createElement(_ListAddContainer2.default, null));\n(0, _chai.expect)(wrapperShallow.containsAllMatchingElements([_react2.default.createElement(_ListAddComponent.InputAreaComponent, null), _react2.default.createElement(_ListAddComponent.AddListComponent, null)])).to.be.equal(true);",
            "err": {},
            "isRoot": false,
            "uuid": "f2acbdf1-234b-4525-820e-b408f90fd4a6",
            "parentUUID": "94b33c29-2b4e-4dfe-8044-520f7eae90ab",
            "isHook": false,
            "skipped": false
          },
          {
            "title": "testing the Container State",
            "fullTitle": "ListAddContainer testing the Container State",
            "timedOut": false,
            "duration": 3,
            "state": "passed",
            "speed": "fast",
            "pass": true,
            "fail": false,
            "pending": false,
            "code": "var wrapper = (0, _enzyme.mount)(_react2.default.createElement(_ListAddContainer2.default, null));\n(0, _chai.expect)(wrapper.state('datas')).to.be.deep.equal([]);",
            "err": {},
            "isRoot": false,
            "uuid": "5afcfe77-c9d5-43ec-8bfc-74234a071bc6",
            "parentUUID": "94b33c29-2b4e-4dfe-8044-520f7eae90ab",
            "isHook": false,
            "skipped": false
          },
          {
            "title": "testing add an item",
            "fullTitle": "ListAddContainer testing add an item",
            "timedOut": false,
            "duration": 4,
            "state": "passed",
            "speed": "fast",
            "pass": true,
            "fail": false,
            "pending": false,
            "code": "var wrapper = (0, _enzyme.mount)(_react2.default.createElement(_ListAddContainer2.default, null));\nwrapper.instance().addItem('data1');\n(0, _chai.expect)(wrapper.state('datas')).to.be.deep.equal(['data1']);",
            "err": {},
            "isRoot": false,
            "uuid": "83930f00-b6ac-46fb-81ed-42ffdd52061f",
            "parentUUID": "94b33c29-2b4e-4dfe-8044-520f7eae90ab",
            "isHook": false,
            "skipped": false
          },
          {
            "title": "testing the state text prop is exist ",
            "fullTitle": "ListAddContainer testing the state text prop is exist ",
            "timedOut": false,
            "duration": 2,
            "state": "passed",
            "speed": "fast",
            "pass": true,
            "fail": false,
            "pending": false,
            "code": "var wrapper = (0, _enzyme.mount)(_react2.default.createElement(_ListAddContainer2.default, null));\n(0, _chai.expect)(wrapper.find('InputArea').prop('text')).to.equal('');",
            "err": {},
            "isRoot": false,
            "uuid": "b008cbc1-a820-4849-9340-73f9a0c0e198",
            "parentUUID": "94b33c29-2b4e-4dfe-8044-520f7eae90ab",
            "isHook": false,
            "skipped": false
          },
          {
            "title": "testing add the onSubmit method",
            "fullTitle": "ListAddContainer testing add the onSubmit method",
            "timedOut": false,
            "duration": 1,
            "state": "passed",
            "speed": "fast",
            "pass": true,
            "fail": false,
            "pending": false,
            "code": "var wrapper = (0, _enzyme.mount)(_react2.default.createElement(_ListAddContainer2.default, null));\nvar addItem = wrapper.instance().addItem;\n(0, _chai.expect)(wrapper.find('InputArea').prop('onSubmit')).to.equal(addItem);",
            "err": {},
            "isRoot": false,
            "uuid": "1cc6558b-e0b2-496c-8aac-988e2289bd50",
            "parentUUID": "94b33c29-2b4e-4dfe-8044-520f7eae90ab",
            "isHook": false,
            "skipped": false
          },
          {
            "title": "test textChange method",
            "fullTitle": "ListAddContainer test textChange method",
            "timedOut": false,
            "duration": 2,
            "state": "passed",
            "speed": "fast",
            "pass": true,
            "fail": false,
            "pending": false,
            "code": "var wrapper = (0, _enzyme.mount)(_react2.default.createElement(_ListAddContainer2.default, null));\nvar textChange = wrapper.instance().textChange;\n(0, _chai.expect)(wrapper.find('InputArea').prop('textChange')).to.equal(textChange);",
            "err": {},
            "isRoot": false,
            "uuid": "3a25acfb-d239-4667-b4c7-2a3d440b28c3",
            "parentUUID": "94b33c29-2b4e-4dfe-8044-520f7eae90ab",
            "isHook": false,
            "skipped": false
          },
          {
            "title": "Verrifying the Binding",
            "fullTitle": "ListAddContainer Verrifying the Binding",
            "timedOut": false,
            "duration": 4,
            "state": "passed",
            "speed": "fast",
            "pass": true,
            "fail": false,
            "pending": false,
            "code": "var wrapper = (0, _enzyme.mount)(_react2.default.createElement(_ListAddContainer2.default, null));\nwrapper.find(_ListAddComponent.InputAreaComponent).prop('onSubmit')('handle method');\n(0, _chai.expect)(wrapper.state('datas')).to.be.deep.equal(['handle method']);",
            "err": {},
            "isRoot": false,
            "uuid": "34c6009a-8ab8-467e-a906-b1b97fae2f83",
            "parentUUID": "94b33c29-2b4e-4dfe-8044-520f7eae90ab",
            "isHook": false,
            "skipped": false
          },
          {
            "title": "render the item",
            "fullTitle": "ListAddContainer render the item",
            "timedOut": false,
            "duration": 9,
            "state": "passed",
            "speed": "fast",
            "pass": true,
            "fail": false,
            "pending": false,
            "code": "var wrapper = (0, _enzyme.mount)(_react2.default.createElement(_ListAddContainer2.default, null));\nwrapper.find('input').simulate('change', { target: { value: 'input value' } });\n(0, _chai.expect)(wrapper.state('text')).to.be.equal('input value');\nwrapper.find('button').simulate('submit');\n(0, _chai.expect)(wrapper.state('datas')).to.be.deep.equal(['input value']);",
            "err": {},
            "isRoot": false,
            "uuid": "6bdd7463-efa0-4976-b58b-30bd416ac1d1",
            "parentUUID": "94b33c29-2b4e-4dfe-8044-520f7eae90ab",
            "isHook": false,
            "skipped": false
          }
        ],
        "failures": [],
        "skipped": [],
        "hasBeforeHooks": false,
        "hasAfterHooks": false,
        "hasTests": true,
        "hasSuites": false,
        "totalTests": 8,
        "totalPasses": 8,
        "totalFailures": 0,
        "totalPending": 0,
        "totalSkipped": 0,
        "hasPasses": true,
        "hasFailures": false,
        "hasPending": false,
        "hasSkipped": false,
        "duration": 26,
        "rootEmpty": false
      }
    ],
    "tests": [],
    "pending": [],
    "root": true,
    "_timeout": 2000000,
    "uuid": "0bc3bcb3-6621-4017-bb2c-bc243b557d25",
    "beforeHooks": [],
    "afterHooks": [],
    "fullFile": "",
    "file": "",
    "passes": [],
    "failures": [],
    "skipped": [],
    "hasBeforeHooks": false,
    "hasAfterHooks": false,
    "hasTests": false,
    "hasSuites": true,
    "totalTests": 0,
    "totalPasses": 0,
    "totalFailures": 0,
    "totalPending": 0,
    "totalSkipped": 0,
    "hasPasses": false,
    "hasFailures": false,
    "hasPending": false,
    "hasSkipped": false,
    "duration": 0,
    "rootEmpty": true
  },
  "allTests": [
    {
      "title": "should be called, and right action was returned",
      "fullTitle": "getServicesSuccess should be called, and right action was returned",
      "timedOut": false,
      "duration": 1,
      "state": "passed",
      "speed": "fast",
      "pass": true,
      "fail": false,
      "pending": false,
      "code": "var services = [{\n    \"value\": \"one app win\",\n    \"id\": 1\n}, {\n    \"value\": \"one app mac\",\n    \"id\": 2\n}, {\n    \"value\": \"one app webtalk\",\n    \"id\": 3\n}, {\n    \"value\": \"one app screenshare\",\n    \"id\": 4\n}, {\n    \"value\": \"one app office driver win\",\n    \"id\": 5\n}, {\n    \"value\": \"one app office driver mac\",\n    \"id\": 6\n}, {\n    \"value\": \"web service\",\n    \"id\": 7\n}];\nvar action = deployementAction.getServicesSuccess(services);\n(0, _chai.expect)(action).to.be.deep.equal({\n    type: types.GET_SERVICES,\n    services: services\n});",
      "err": {},
      "isRoot": false,
      "uuid": "8447ee0e-f1d4-4056-b7f1-9ddb08a52105",
      "parentUUID": "612ff50c-d285-4c69-8226-0628c009fa72",
      "isHook": false,
      "skipped": false
    },
    {
      "title": "should be called, and right action was returned",
      "fullTitle": "getServices should be called, and right action was returned",
      "timedOut": false,
      "duration": 0,
      "state": "passed",
      "speed": "fast",
      "pass": true,
      "fail": false,
      "pending": false,
      "code": "deployementAction.getServices();",
      "err": {},
      "isRoot": false,
      "uuid": "907d8df5-31e4-47db-b13d-c2abc27a3578",
      "parentUUID": "4ef12e9f-a072-4f17-8944-b79f52eb5dd2",
      "isHook": false,
      "skipped": false
    },
    {
      "title": "the props should be render",
      "fullTitle": "CheckInput component the props should be render",
      "timedOut": false,
      "duration": 3,
      "state": "passed",
      "speed": "fast",
      "pass": true,
      "fail": false,
      "pending": false,
      "code": "(0, _chai.expect)(wrapper.find('input').prop('value')).to.be.contains('test value');\n(0, _chai.expect)(wrapper.find('input').prop('checked')).to.be.equal(true);\n(0, _chai.expect)(wrapper.find('input').prop('readOnly')).to.be.equal(false);\n(0, _chai.expect)(wrapper.find('input').prop('disabled')).to.be.equal(false);\n(0, _chai.expect)(wrapper.find('input').prop('name')).to.be.equal('test name');",
      "err": {},
      "isRoot": false,
      "uuid": "2ab74259-17b1-4c32-adb5-2aa9adb88a49",
      "parentUUID": "0d629359-4844-4211-bc8b-456ebc4f7eed",
      "isHook": false,
      "skipped": false
    },
    {
      "title": "the label should be render",
      "fullTitle": "CheckInput component the label should be render",
      "timedOut": false,
      "duration": 1,
      "state": "passed",
      "speed": "fast",
      "pass": true,
      "fail": false,
      "pending": false,
      "code": "(0, _chai.expect)(wrapper.find('label').prop('htmlFor')).to.be.equal(1);\n(0, _chai.expect)(wrapper.find('label').text()).to.be.equal('test label');",
      "err": {},
      "isRoot": false,
      "uuid": "12e3f87c-8f7e-4a68-bd26-e567cd775742",
      "parentUUID": "0d629359-4844-4211-bc8b-456ebc4f7eed",
      "isHook": false,
      "skipped": false
    },
    {
      "title": "the onChange method should be called",
      "fullTitle": "CheckInput component the onChange method should be called",
      "timedOut": false,
      "duration": 1,
      "state": "passed",
      "speed": "fast",
      "pass": true,
      "fail": false,
      "pending": false,
      "code": "(0, _chai.expect)(wrapper.find('input').simulate('change', { target: { value: 'hello,world' } }));\n(0, _chai.expect)(mockFunc.called).to.be.equal(true); //如果函数实际没有被调用，mockFunc.called 会返回false\n(0, _chai.expect)(mockFunc.calledOnce).to.be.equal(true);\n(0, _chai.expect)(mockFunc.calledWith({ target: { value: 'hello,world' } })).to.equal(true);",
      "err": {},
      "isRoot": false,
      "uuid": "be06716d-e4b1-4e9e-84bb-d6f6af0cb7b6",
      "parentUUID": "0d629359-4844-4211-bc8b-456ebc4f7eed",
      "isHook": false,
      "skipped": false
    },
    {
      "title": "the application option render ",
      "fullTitle": "CheckInput component the application option render ",
      "timedOut": false,
      "duration": 3,
      "state": "passed",
      "speed": "fast",
      "pass": true,
      "fail": false,
      "pending": false,
      "code": "(0, _chai.expect)(wrapper.find('select').children().length).to.be.equal(3);\n(0, _chai.expect)(wrapper.find('select').childAt(1).text()).to.be.equal('oneApp');\n(0, _chai.expect)(wrapper.find('select').childAt(2).text()).to.be.equal('nDriver');",
      "err": {},
      "isRoot": false,
      "uuid": "d1d6d232-9792-47e7-b023-0ba3bf2a577b",
      "parentUUID": "bf8d9683-f4b4-4c60-a105-81046a96f486",
      "isHook": false,
      "skipped": false
    },
    {
      "title": "the application option slecected values",
      "fullTitle": "CheckInput component the application option slecected values",
      "timedOut": false,
      "duration": 0,
      "state": "passed",
      "speed": "fast",
      "pass": true,
      "fail": false,
      "pending": false,
      "code": "(0, _chai.expect)(wrapper.find('select').prop('value')).to.be.equal('1');",
      "err": {},
      "isRoot": false,
      "uuid": "8a8cee95-b5e5-47ad-8fda-910776efa97c",
      "parentUUID": "bf8d9683-f4b4-4c60-a105-81046a96f486",
      "isHook": false,
      "skipped": false
    },
    {
      "title": "the option onChange method be called",
      "fullTitle": "CheckInput component the option onChange method be called",
      "timedOut": false,
      "duration": 2,
      "state": "passed",
      "speed": "fast",
      "pass": true,
      "fail": false,
      "pending": false,
      "code": "(0, _chai.expect)(wrapper.find('select').simulate('change'), { target: { value: '2' } }); //只会去触发onChange事件，并不会去证明这个方法有没有，没有也不会报错",
      "err": {},
      "isRoot": false,
      "uuid": "842eb1ab-f948-4544-8a58-e8db95091078",
      "parentUUID": "bf8d9683-f4b4-4c60-a105-81046a96f486",
      "isHook": false,
      "skipped": false
    },
    {
      "title": "container_timeout_getData",
      "fullTitle": "container test suite container_timeout_getData",
      "timedOut": false,
      "duration": 0,
      "state": "passed",
      "speed": "fast",
      "pass": true,
      "fail": false,
      "pending": false,
      "code": "setTimeout(function () {\n    (0, _chai.expect)(wrapper.props().store.getState().services.length).to.be.equal(7);\n}, 500);",
      "err": {},
      "isRoot": false,
      "uuid": "1c9cfb34-e3ae-4ae3-a1ae-cdd9da0df649",
      "parentUUID": "a6b2e3df-dba9-443f-ab80-c70f72a4bec0",
      "isHook": false,
      "skipped": false
    },
    {
      "title": "container_changeMethod",
      "fullTitle": "container test suite container_changeMethod",
      "timedOut": false,
      "duration": 6,
      "state": "passed",
      "speed": "fast",
      "pass": true,
      "fail": false,
      "pending": false,
      "code": "wrapper.find('#service').simulate('change', { target: { value: 2 } });\n(0, _chai.expect)(wrapper.find('#service').prop('value')).to.equal(2);\n(0, _chai.expect)(wrapper.props().store.getState().version.serviceId).to.be.equal(2);",
      "err": {},
      "isRoot": false,
      "uuid": "fc3d9c37-ec5d-4e91-b5b5-f9925066d114",
      "parentUUID": "a6b2e3df-dba9-443f-ab80-c70f72a4bec0",
      "isHook": false,
      "skipped": false
    },
    {
      "title": "should return the inital state",
      "fullTitle": "reducers should return the new state after applying the action to the previous state should return the inital state",
      "timedOut": false,
      "duration": 0,
      "state": "passed",
      "speed": "fast",
      "pass": true,
      "fail": false,
      "pending": false,
      "code": "var action = 'unknown';\nvar newState = (0, _servicesReducer2.default)(undefined, action);\n(0, _chai.expect)(newState).to.be.deep.equal(initState);",
      "err": {},
      "isRoot": false,
      "uuid": "22cab5cd-2887-447c-b1d3-770c012b37a8",
      "parentUUID": "5b56c1d4-bb23-40b4-aac3-2e413f7d2f1b",
      "isHook": false,
      "skipped": false
    },
    {
      "title": "handle expected action",
      "fullTitle": "reducers should return the new state after applying the action to the previous state handle expected action",
      "timedOut": false,
      "duration": 1,
      "state": "passed",
      "speed": "fast",
      "pass": true,
      "fail": false,
      "pending": false,
      "code": "var services = [{\n    \"id\": 1,\n    \"serviceName\": \"ncs1\"\n}];\nvar action = {\n    type: types.GET_SERVICES,\n    services: services\n};\nvar newState = (0, _servicesReducer2.default)(initState, action);\nconsole.log(newState);\n(0, _chai.expect)(newState).to.be.deep.equal(services);",
      "err": {},
      "isRoot": false,
      "uuid": "3b4fec49-13a2-44db-b1d4-3dbcb9b61e47",
      "parentUUID": "5b56c1d4-bb23-40b4-aac3-2e413f7d2f1b",
      "isHook": false,
      "skipped": false
    },
    {
      "title": "the component should ul",
      "fullTitle": "AddListComponent the component should ul",
      "timedOut": false,
      "duration": 1,
      "state": "passed",
      "speed": "fast",
      "pass": true,
      "fail": false,
      "pending": false,
      "code": "var wrapper = (0, _enzyme.shallow)(_react2.default.createElement(_ListAddComponent.AddListComponent, { datas: [] }));\n(0, _chai.expect)(wrapper.contains(_react2.default.createElement('ul', null))).to.be.equal(true);",
      "err": {},
      "isRoot": false,
      "uuid": "c90fb7e7-ba3c-442d-bf6b-8737e5368987",
      "parentUUID": "8609edda-8b30-4b03-8eec-838d25e4391b",
      "isHook": false,
      "skipped": false
    },
    {
      "title": "the component should have ul",
      "fullTitle": "AddListComponent the component should have ul",
      "timedOut": false,
      "duration": 0,
      "state": "passed",
      "speed": "fast",
      "pass": true,
      "fail": false,
      "pending": false,
      "code": "var wrapper = (0, _enzyme.shallow)(_react2.default.createElement(_ListAddComponent.AddListComponent, { datas: [1, 2] }));\n(0, _chai.expect)(wrapper.find('li').length).to.be.equal(2);",
      "err": {},
      "isRoot": false,
      "uuid": "50512a5b-c652-4141-9475-740bfa3c29db",
      "parentUUID": "8609edda-8b30-4b03-8eec-838d25e4391b",
      "isHook": false,
      "skipped": false
    },
    {
      "title": "the component should contain the input and button",
      "fullTitle": "InputAreaComponent the component should contain the input and button",
      "timedOut": false,
      "duration": 2,
      "state": "passed",
      "speed": "fast",
      "pass": true,
      "fail": false,
      "pending": false,
      "code": "var wrapper = (0, _enzyme.shallow)(_react2.default.createElement(_ListAddComponent.InputAreaComponent, null));\n(0, _chai.expect)(wrapper.containsAllMatchingElements([_react2.default.createElement('input', null), _react2.default.createElement(\n    'button',\n    null,\n    'add'\n)])).to.be.equal(true);",
      "err": {},
      "isRoot": false,
      "uuid": "7e8724ad-2ec3-45a0-8c7c-9a9266ea5b44",
      "parentUUID": "67ab2709-9cdc-45d4-9395-daff4b909428",
      "isHook": false,
      "skipped": false
    },
    {
      "title": "testing the input onChange",
      "fullTitle": "InputAreaComponent testing the input onChange",
      "timedOut": false,
      "duration": 1,
      "state": "passed",
      "speed": "fast",
      "pass": true,
      "fail": false,
      "pending": false,
      "code": "var changeMock = _sinon2.default.spy();\nvar props = {\n    textChange: changeMock\n};\nvar wrapper = (0, _enzyme.shallow)(_react2.default.createElement(_ListAddComponent.InputAreaComponent, props));\nwrapper.find('input').simulate('change', { target: { value: 'input value' } });\n(0, _chai.expect)(changeMock.calledWith({ target: { value: 'input value' } })).to.equal(true);\n(0, _chai.expect)(changeMock.calledOnce).to.equal(true);",
      "err": {},
      "isRoot": false,
      "uuid": "9cb613c9-95be-4a90-9a84-159e19bf0642",
      "parentUUID": "67ab2709-9cdc-45d4-9395-daff4b909428",
      "isHook": false,
      "skipped": false
    },
    {
      "title": "testing the input onSubmit",
      "fullTitle": "InputAreaComponent testing the input onSubmit",
      "timedOut": false,
      "duration": 0,
      "state": "passed",
      "speed": "fast",
      "pass": true,
      "fail": false,
      "pending": false,
      "code": "var changeMock = _sinon2.default.spy();\nvar props = {\n    onSubmit: changeMock\n};\nvar wrapper = (0, _enzyme.shallow)(_react2.default.createElement(_ListAddComponent.InputAreaComponent, props));\nwrapper.find('button').simulate('submit', { target: { value: 'submit value' } });\n(0, _chai.expect)(changeMock.calledOnce).to.equal(true);",
      "err": {},
      "isRoot": false,
      "uuid": "cabea6d4-65a5-42d1-acf2-a32dd7c8f4b1",
      "parentUUID": "67ab2709-9cdc-45d4-9395-daff4b909428",
      "isHook": false,
      "skipped": false
    },
    {
      "title": "the container should contain the InputArea and AddList component",
      "fullTitle": "ListAddContainer the container should contain the InputArea and AddList component",
      "timedOut": false,
      "duration": 1,
      "state": "passed",
      "speed": "fast",
      "pass": true,
      "fail": false,
      "pending": false,
      "code": "var wrapperShallow = (0, _enzyme.shallow)(_react2.default.createElement(_ListAddContainer2.default, null));\n(0, _chai.expect)(wrapperShallow.containsAllMatchingElements([_react2.default.createElement(_ListAddComponent.InputAreaComponent, null), _react2.default.createElement(_ListAddComponent.AddListComponent, null)])).to.be.equal(true);",
      "err": {},
      "isRoot": false,
      "uuid": "f2acbdf1-234b-4525-820e-b408f90fd4a6",
      "parentUUID": "94b33c29-2b4e-4dfe-8044-520f7eae90ab",
      "isHook": false,
      "skipped": false
    },
    {
      "title": "testing the Container State",
      "fullTitle": "ListAddContainer testing the Container State",
      "timedOut": false,
      "duration": 3,
      "state": "passed",
      "speed": "fast",
      "pass": true,
      "fail": false,
      "pending": false,
      "code": "var wrapper = (0, _enzyme.mount)(_react2.default.createElement(_ListAddContainer2.default, null));\n(0, _chai.expect)(wrapper.state('datas')).to.be.deep.equal([]);",
      "err": {},
      "isRoot": false,
      "uuid": "5afcfe77-c9d5-43ec-8bfc-74234a071bc6",
      "parentUUID": "94b33c29-2b4e-4dfe-8044-520f7eae90ab",
      "isHook": false,
      "skipped": false
    },
    {
      "title": "testing add an item",
      "fullTitle": "ListAddContainer testing add an item",
      "timedOut": false,
      "duration": 4,
      "state": "passed",
      "speed": "fast",
      "pass": true,
      "fail": false,
      "pending": false,
      "code": "var wrapper = (0, _enzyme.mount)(_react2.default.createElement(_ListAddContainer2.default, null));\nwrapper.instance().addItem('data1');\n(0, _chai.expect)(wrapper.state('datas')).to.be.deep.equal(['data1']);",
      "err": {},
      "isRoot": false,
      "uuid": "83930f00-b6ac-46fb-81ed-42ffdd52061f",
      "parentUUID": "94b33c29-2b4e-4dfe-8044-520f7eae90ab",
      "isHook": false,
      "skipped": false
    },
    {
      "title": "testing the state text prop is exist ",
      "fullTitle": "ListAddContainer testing the state text prop is exist ",
      "timedOut": false,
      "duration": 2,
      "state": "passed",
      "speed": "fast",
      "pass": true,
      "fail": false,
      "pending": false,
      "code": "var wrapper = (0, _enzyme.mount)(_react2.default.createElement(_ListAddContainer2.default, null));\n(0, _chai.expect)(wrapper.find('InputArea').prop('text')).to.equal('');",
      "err": {},
      "isRoot": false,
      "uuid": "b008cbc1-a820-4849-9340-73f9a0c0e198",
      "parentUUID": "94b33c29-2b4e-4dfe-8044-520f7eae90ab",
      "isHook": false,
      "skipped": false
    },
    {
      "title": "testing add the onSubmit method",
      "fullTitle": "ListAddContainer testing add the onSubmit method",
      "timedOut": false,
      "duration": 1,
      "state": "passed",
      "speed": "fast",
      "pass": true,
      "fail": false,
      "pending": false,
      "code": "var wrapper = (0, _enzyme.mount)(_react2.default.createElement(_ListAddContainer2.default, null));\nvar addItem = wrapper.instance().addItem;\n(0, _chai.expect)(wrapper.find('InputArea').prop('onSubmit')).to.equal(addItem);",
      "err": {},
      "isRoot": false,
      "uuid": "1cc6558b-e0b2-496c-8aac-988e2289bd50",
      "parentUUID": "94b33c29-2b4e-4dfe-8044-520f7eae90ab",
      "isHook": false,
      "skipped": false
    },
    {
      "title": "test textChange method",
      "fullTitle": "ListAddContainer test textChange method",
      "timedOut": false,
      "duration": 2,
      "state": "passed",
      "speed": "fast",
      "pass": true,
      "fail": false,
      "pending": false,
      "code": "var wrapper = (0, _enzyme.mount)(_react2.default.createElement(_ListAddContainer2.default, null));\nvar textChange = wrapper.instance().textChange;\n(0, _chai.expect)(wrapper.find('InputArea').prop('textChange')).to.equal(textChange);",
      "err": {},
      "isRoot": false,
      "uuid": "3a25acfb-d239-4667-b4c7-2a3d440b28c3",
      "parentUUID": "94b33c29-2b4e-4dfe-8044-520f7eae90ab",
      "isHook": false,
      "skipped": false
    },
    {
      "title": "Verrifying the Binding",
      "fullTitle": "ListAddContainer Verrifying the Binding",
      "timedOut": false,
      "duration": 4,
      "state": "passed",
      "speed": "fast",
      "pass": true,
      "fail": false,
      "pending": false,
      "code": "var wrapper = (0, _enzyme.mount)(_react2.default.createElement(_ListAddContainer2.default, null));\nwrapper.find(_ListAddComponent.InputAreaComponent).prop('onSubmit')('handle method');\n(0, _chai.expect)(wrapper.state('datas')).to.be.deep.equal(['handle method']);",
      "err": {},
      "isRoot": false,
      "uuid": "34c6009a-8ab8-467e-a906-b1b97fae2f83",
      "parentUUID": "94b33c29-2b4e-4dfe-8044-520f7eae90ab",
      "isHook": false,
      "skipped": false
    },
    {
      "title": "render the item",
      "fullTitle": "ListAddContainer render the item",
      "timedOut": false,
      "duration": 9,
      "state": "passed",
      "speed": "fast",
      "pass": true,
      "fail": false,
      "pending": false,
      "code": "var wrapper = (0, _enzyme.mount)(_react2.default.createElement(_ListAddContainer2.default, null));\nwrapper.find('input').simulate('change', { target: { value: 'input value' } });\n(0, _chai.expect)(wrapper.state('text')).to.be.equal('input value');\nwrapper.find('button').simulate('submit');\n(0, _chai.expect)(wrapper.state('datas')).to.be.deep.equal(['input value']);",
      "err": {},
      "isRoot": false,
      "uuid": "6bdd7463-efa0-4976-b58b-30bd416ac1d1",
      "parentUUID": "94b33c29-2b4e-4dfe-8044-520f7eae90ab",
      "isHook": false,
      "skipped": false
    }
  ],
  "allPending": [],
  "allPasses": [
    {
      "title": "should be called, and right action was returned",
      "fullTitle": "getServicesSuccess should be called, and right action was returned",
      "timedOut": false,
      "duration": 1,
      "state": "passed",
      "speed": "fast",
      "pass": true,
      "fail": false,
      "pending": false,
      "code": "var services = [{\n    \"value\": \"one app win\",\n    \"id\": 1\n}, {\n    \"value\": \"one app mac\",\n    \"id\": 2\n}, {\n    \"value\": \"one app webtalk\",\n    \"id\": 3\n}, {\n    \"value\": \"one app screenshare\",\n    \"id\": 4\n}, {\n    \"value\": \"one app office driver win\",\n    \"id\": 5\n}, {\n    \"value\": \"one app office driver mac\",\n    \"id\": 6\n}, {\n    \"value\": \"web service\",\n    \"id\": 7\n}];\nvar action = deployementAction.getServicesSuccess(services);\n(0, _chai.expect)(action).to.be.deep.equal({\n    type: types.GET_SERVICES,\n    services: services\n});",
      "err": {},
      "isRoot": false,
      "uuid": "8447ee0e-f1d4-4056-b7f1-9ddb08a52105",
      "parentUUID": "612ff50c-d285-4c69-8226-0628c009fa72",
      "isHook": false,
      "skipped": false
    },
    {
      "title": "should be called, and right action was returned",
      "fullTitle": "getServices should be called, and right action was returned",
      "timedOut": false,
      "duration": 0,
      "state": "passed",
      "speed": "fast",
      "pass": true,
      "fail": false,
      "pending": false,
      "code": "deployementAction.getServices();",
      "err": {},
      "isRoot": false,
      "uuid": "907d8df5-31e4-47db-b13d-c2abc27a3578",
      "parentUUID": "4ef12e9f-a072-4f17-8944-b79f52eb5dd2",
      "isHook": false,
      "skipped": false
    },
    {
      "title": "the props should be render",
      "fullTitle": "CheckInput component the props should be render",
      "timedOut": false,
      "duration": 3,
      "state": "passed",
      "speed": "fast",
      "pass": true,
      "fail": false,
      "pending": false,
      "code": "(0, _chai.expect)(wrapper.find('input').prop('value')).to.be.contains('test value');\n(0, _chai.expect)(wrapper.find('input').prop('checked')).to.be.equal(true);\n(0, _chai.expect)(wrapper.find('input').prop('readOnly')).to.be.equal(false);\n(0, _chai.expect)(wrapper.find('input').prop('disabled')).to.be.equal(false);\n(0, _chai.expect)(wrapper.find('input').prop('name')).to.be.equal('test name');",
      "err": {},
      "isRoot": false,
      "uuid": "2ab74259-17b1-4c32-adb5-2aa9adb88a49",
      "parentUUID": "0d629359-4844-4211-bc8b-456ebc4f7eed",
      "isHook": false,
      "skipped": false
    },
    {
      "title": "the label should be render",
      "fullTitle": "CheckInput component the label should be render",
      "timedOut": false,
      "duration": 1,
      "state": "passed",
      "speed": "fast",
      "pass": true,
      "fail": false,
      "pending": false,
      "code": "(0, _chai.expect)(wrapper.find('label').prop('htmlFor')).to.be.equal(1);\n(0, _chai.expect)(wrapper.find('label').text()).to.be.equal('test label');",
      "err": {},
      "isRoot": false,
      "uuid": "12e3f87c-8f7e-4a68-bd26-e567cd775742",
      "parentUUID": "0d629359-4844-4211-bc8b-456ebc4f7eed",
      "isHook": false,
      "skipped": false
    },
    {
      "title": "the onChange method should be called",
      "fullTitle": "CheckInput component the onChange method should be called",
      "timedOut": false,
      "duration": 1,
      "state": "passed",
      "speed": "fast",
      "pass": true,
      "fail": false,
      "pending": false,
      "code": "(0, _chai.expect)(wrapper.find('input').simulate('change', { target: { value: 'hello,world' } }));\n(0, _chai.expect)(mockFunc.called).to.be.equal(true); //如果函数实际没有被调用，mockFunc.called 会返回false\n(0, _chai.expect)(mockFunc.calledOnce).to.be.equal(true);\n(0, _chai.expect)(mockFunc.calledWith({ target: { value: 'hello,world' } })).to.equal(true);",
      "err": {},
      "isRoot": false,
      "uuid": "be06716d-e4b1-4e9e-84bb-d6f6af0cb7b6",
      "parentUUID": "0d629359-4844-4211-bc8b-456ebc4f7eed",
      "isHook": false,
      "skipped": false
    },
    {
      "title": "the application option render ",
      "fullTitle": "CheckInput component the application option render ",
      "timedOut": false,
      "duration": 3,
      "state": "passed",
      "speed": "fast",
      "pass": true,
      "fail": false,
      "pending": false,
      "code": "(0, _chai.expect)(wrapper.find('select').children().length).to.be.equal(3);\n(0, _chai.expect)(wrapper.find('select').childAt(1).text()).to.be.equal('oneApp');\n(0, _chai.expect)(wrapper.find('select').childAt(2).text()).to.be.equal('nDriver');",
      "err": {},
      "isRoot": false,
      "uuid": "d1d6d232-9792-47e7-b023-0ba3bf2a577b",
      "parentUUID": "bf8d9683-f4b4-4c60-a105-81046a96f486",
      "isHook": false,
      "skipped": false
    },
    {
      "title": "the application option slecected values",
      "fullTitle": "CheckInput component the application option slecected values",
      "timedOut": false,
      "duration": 0,
      "state": "passed",
      "speed": "fast",
      "pass": true,
      "fail": false,
      "pending": false,
      "code": "(0, _chai.expect)(wrapper.find('select').prop('value')).to.be.equal('1');",
      "err": {},
      "isRoot": false,
      "uuid": "8a8cee95-b5e5-47ad-8fda-910776efa97c",
      "parentUUID": "bf8d9683-f4b4-4c60-a105-81046a96f486",
      "isHook": false,
      "skipped": false
    },
    {
      "title": "the option onChange method be called",
      "fullTitle": "CheckInput component the option onChange method be called",
      "timedOut": false,
      "duration": 2,
      "state": "passed",
      "speed": "fast",
      "pass": true,
      "fail": false,
      "pending": false,
      "code": "(0, _chai.expect)(wrapper.find('select').simulate('change'), { target: { value: '2' } }); //只会去触发onChange事件，并不会去证明这个方法有没有，没有也不会报错",
      "err": {},
      "isRoot": false,
      "uuid": "842eb1ab-f948-4544-8a58-e8db95091078",
      "parentUUID": "bf8d9683-f4b4-4c60-a105-81046a96f486",
      "isHook": false,
      "skipped": false
    },
    {
      "title": "container_timeout_getData",
      "fullTitle": "container test suite container_timeout_getData",
      "timedOut": false,
      "duration": 0,
      "state": "passed",
      "speed": "fast",
      "pass": true,
      "fail": false,
      "pending": false,
      "code": "setTimeout(function () {\n    (0, _chai.expect)(wrapper.props().store.getState().services.length).to.be.equal(7);\n}, 500);",
      "err": {},
      "isRoot": false,
      "uuid": "1c9cfb34-e3ae-4ae3-a1ae-cdd9da0df649",
      "parentUUID": "a6b2e3df-dba9-443f-ab80-c70f72a4bec0",
      "isHook": false,
      "skipped": false
    },
    {
      "title": "container_changeMethod",
      "fullTitle": "container test suite container_changeMethod",
      "timedOut": false,
      "duration": 6,
      "state": "passed",
      "speed": "fast",
      "pass": true,
      "fail": false,
      "pending": false,
      "code": "wrapper.find('#service').simulate('change', { target: { value: 2 } });\n(0, _chai.expect)(wrapper.find('#service').prop('value')).to.equal(2);\n(0, _chai.expect)(wrapper.props().store.getState().version.serviceId).to.be.equal(2);",
      "err": {},
      "isRoot": false,
      "uuid": "fc3d9c37-ec5d-4e91-b5b5-f9925066d114",
      "parentUUID": "a6b2e3df-dba9-443f-ab80-c70f72a4bec0",
      "isHook": false,
      "skipped": false
    },
    {
      "title": "should return the inital state",
      "fullTitle": "reducers should return the new state after applying the action to the previous state should return the inital state",
      "timedOut": false,
      "duration": 0,
      "state": "passed",
      "speed": "fast",
      "pass": true,
      "fail": false,
      "pending": false,
      "code": "var action = 'unknown';\nvar newState = (0, _servicesReducer2.default)(undefined, action);\n(0, _chai.expect)(newState).to.be.deep.equal(initState);",
      "err": {},
      "isRoot": false,
      "uuid": "22cab5cd-2887-447c-b1d3-770c012b37a8",
      "parentUUID": "5b56c1d4-bb23-40b4-aac3-2e413f7d2f1b",
      "isHook": false,
      "skipped": false
    },
    {
      "title": "handle expected action",
      "fullTitle": "reducers should return the new state after applying the action to the previous state handle expected action",
      "timedOut": false,
      "duration": 1,
      "state": "passed",
      "speed": "fast",
      "pass": true,
      "fail": false,
      "pending": false,
      "code": "var services = [{\n    \"id\": 1,\n    \"serviceName\": \"ncs1\"\n}];\nvar action = {\n    type: types.GET_SERVICES,\n    services: services\n};\nvar newState = (0, _servicesReducer2.default)(initState, action);\nconsole.log(newState);\n(0, _chai.expect)(newState).to.be.deep.equal(services);",
      "err": {},
      "isRoot": false,
      "uuid": "3b4fec49-13a2-44db-b1d4-3dbcb9b61e47",
      "parentUUID": "5b56c1d4-bb23-40b4-aac3-2e413f7d2f1b",
      "isHook": false,
      "skipped": false
    },
    {
      "title": "the component should ul",
      "fullTitle": "AddListComponent the component should ul",
      "timedOut": false,
      "duration": 1,
      "state": "passed",
      "speed": "fast",
      "pass": true,
      "fail": false,
      "pending": false,
      "code": "var wrapper = (0, _enzyme.shallow)(_react2.default.createElement(_ListAddComponent.AddListComponent, { datas: [] }));\n(0, _chai.expect)(wrapper.contains(_react2.default.createElement('ul', null))).to.be.equal(true);",
      "err": {},
      "isRoot": false,
      "uuid": "c90fb7e7-ba3c-442d-bf6b-8737e5368987",
      "parentUUID": "8609edda-8b30-4b03-8eec-838d25e4391b",
      "isHook": false,
      "skipped": false
    },
    {
      "title": "the component should have ul",
      "fullTitle": "AddListComponent the component should have ul",
      "timedOut": false,
      "duration": 0,
      "state": "passed",
      "speed": "fast",
      "pass": true,
      "fail": false,
      "pending": false,
      "code": "var wrapper = (0, _enzyme.shallow)(_react2.default.createElement(_ListAddComponent.AddListComponent, { datas: [1, 2] }));\n(0, _chai.expect)(wrapper.find('li').length).to.be.equal(2);",
      "err": {},
      "isRoot": false,
      "uuid": "50512a5b-c652-4141-9475-740bfa3c29db",
      "parentUUID": "8609edda-8b30-4b03-8eec-838d25e4391b",
      "isHook": false,
      "skipped": false
    },
    {
      "title": "the component should contain the input and button",
      "fullTitle": "InputAreaComponent the component should contain the input and button",
      "timedOut": false,
      "duration": 2,
      "state": "passed",
      "speed": "fast",
      "pass": true,
      "fail": false,
      "pending": false,
      "code": "var wrapper = (0, _enzyme.shallow)(_react2.default.createElement(_ListAddComponent.InputAreaComponent, null));\n(0, _chai.expect)(wrapper.containsAllMatchingElements([_react2.default.createElement('input', null), _react2.default.createElement(\n    'button',\n    null,\n    'add'\n)])).to.be.equal(true);",
      "err": {},
      "isRoot": false,
      "uuid": "7e8724ad-2ec3-45a0-8c7c-9a9266ea5b44",
      "parentUUID": "67ab2709-9cdc-45d4-9395-daff4b909428",
      "isHook": false,
      "skipped": false
    },
    {
      "title": "testing the input onChange",
      "fullTitle": "InputAreaComponent testing the input onChange",
      "timedOut": false,
      "duration": 1,
      "state": "passed",
      "speed": "fast",
      "pass": true,
      "fail": false,
      "pending": false,
      "code": "var changeMock = _sinon2.default.spy();\nvar props = {\n    textChange: changeMock\n};\nvar wrapper = (0, _enzyme.shallow)(_react2.default.createElement(_ListAddComponent.InputAreaComponent, props));\nwrapper.find('input').simulate('change', { target: { value: 'input value' } });\n(0, _chai.expect)(changeMock.calledWith({ target: { value: 'input value' } })).to.equal(true);\n(0, _chai.expect)(changeMock.calledOnce).to.equal(true);",
      "err": {},
      "isRoot": false,
      "uuid": "9cb613c9-95be-4a90-9a84-159e19bf0642",
      "parentUUID": "67ab2709-9cdc-45d4-9395-daff4b909428",
      "isHook": false,
      "skipped": false
    },
    {
      "title": "testing the input onSubmit",
      "fullTitle": "InputAreaComponent testing the input onSubmit",
      "timedOut": false,
      "duration": 0,
      "state": "passed",
      "speed": "fast",
      "pass": true,
      "fail": false,
      "pending": false,
      "code": "var changeMock = _sinon2.default.spy();\nvar props = {\n    onSubmit: changeMock\n};\nvar wrapper = (0, _enzyme.shallow)(_react2.default.createElement(_ListAddComponent.InputAreaComponent, props));\nwrapper.find('button').simulate('submit', { target: { value: 'submit value' } });\n(0, _chai.expect)(changeMock.calledOnce).to.equal(true);",
      "err": {},
      "isRoot": false,
      "uuid": "cabea6d4-65a5-42d1-acf2-a32dd7c8f4b1",
      "parentUUID": "67ab2709-9cdc-45d4-9395-daff4b909428",
      "isHook": false,
      "skipped": false
    },
    {
      "title": "the container should contain the InputArea and AddList component",
      "fullTitle": "ListAddContainer the container should contain the InputArea and AddList component",
      "timedOut": false,
      "duration": 1,
      "state": "passed",
      "speed": "fast",
      "pass": true,
      "fail": false,
      "pending": false,
      "code": "var wrapperShallow = (0, _enzyme.shallow)(_react2.default.createElement(_ListAddContainer2.default, null));\n(0, _chai.expect)(wrapperShallow.containsAllMatchingElements([_react2.default.createElement(_ListAddComponent.InputAreaComponent, null), _react2.default.createElement(_ListAddComponent.AddListComponent, null)])).to.be.equal(true);",
      "err": {},
      "isRoot": false,
      "uuid": "f2acbdf1-234b-4525-820e-b408f90fd4a6",
      "parentUUID": "94b33c29-2b4e-4dfe-8044-520f7eae90ab",
      "isHook": false,
      "skipped": false
    },
    {
      "title": "testing the Container State",
      "fullTitle": "ListAddContainer testing the Container State",
      "timedOut": false,
      "duration": 3,
      "state": "passed",
      "speed": "fast",
      "pass": true,
      "fail": false,
      "pending": false,
      "code": "var wrapper = (0, _enzyme.mount)(_react2.default.createElement(_ListAddContainer2.default, null));\n(0, _chai.expect)(wrapper.state('datas')).to.be.deep.equal([]);",
      "err": {},
      "isRoot": false,
      "uuid": "5afcfe77-c9d5-43ec-8bfc-74234a071bc6",
      "parentUUID": "94b33c29-2b4e-4dfe-8044-520f7eae90ab",
      "isHook": false,
      "skipped": false
    },
    {
      "title": "testing add an item",
      "fullTitle": "ListAddContainer testing add an item",
      "timedOut": false,
      "duration": 4,
      "state": "passed",
      "speed": "fast",
      "pass": true,
      "fail": false,
      "pending": false,
      "code": "var wrapper = (0, _enzyme.mount)(_react2.default.createElement(_ListAddContainer2.default, null));\nwrapper.instance().addItem('data1');\n(0, _chai.expect)(wrapper.state('datas')).to.be.deep.equal(['data1']);",
      "err": {},
      "isRoot": false,
      "uuid": "83930f00-b6ac-46fb-81ed-42ffdd52061f",
      "parentUUID": "94b33c29-2b4e-4dfe-8044-520f7eae90ab",
      "isHook": false,
      "skipped": false
    },
    {
      "title": "testing the state text prop is exist ",
      "fullTitle": "ListAddContainer testing the state text prop is exist ",
      "timedOut": false,
      "duration": 2,
      "state": "passed",
      "speed": "fast",
      "pass": true,
      "fail": false,
      "pending": false,
      "code": "var wrapper = (0, _enzyme.mount)(_react2.default.createElement(_ListAddContainer2.default, null));\n(0, _chai.expect)(wrapper.find('InputArea').prop('text')).to.equal('');",
      "err": {},
      "isRoot": false,
      "uuid": "b008cbc1-a820-4849-9340-73f9a0c0e198",
      "parentUUID": "94b33c29-2b4e-4dfe-8044-520f7eae90ab",
      "isHook": false,
      "skipped": false
    },
    {
      "title": "testing add the onSubmit method",
      "fullTitle": "ListAddContainer testing add the onSubmit method",
      "timedOut": false,
      "duration": 1,
      "state": "passed",
      "speed": "fast",
      "pass": true,
      "fail": false,
      "pending": false,
      "code": "var wrapper = (0, _enzyme.mount)(_react2.default.createElement(_ListAddContainer2.default, null));\nvar addItem = wrapper.instance().addItem;\n(0, _chai.expect)(wrapper.find('InputArea').prop('onSubmit')).to.equal(addItem);",
      "err": {},
      "isRoot": false,
      "uuid": "1cc6558b-e0b2-496c-8aac-988e2289bd50",
      "parentUUID": "94b33c29-2b4e-4dfe-8044-520f7eae90ab",
      "isHook": false,
      "skipped": false
    },
    {
      "title": "test textChange method",
      "fullTitle": "ListAddContainer test textChange method",
      "timedOut": false,
      "duration": 2,
      "state": "passed",
      "speed": "fast",
      "pass": true,
      "fail": false,
      "pending": false,
      "code": "var wrapper = (0, _enzyme.mount)(_react2.default.createElement(_ListAddContainer2.default, null));\nvar textChange = wrapper.instance().textChange;\n(0, _chai.expect)(wrapper.find('InputArea').prop('textChange')).to.equal(textChange);",
      "err": {},
      "isRoot": false,
      "uuid": "3a25acfb-d239-4667-b4c7-2a3d440b28c3",
      "parentUUID": "94b33c29-2b4e-4dfe-8044-520f7eae90ab",
      "isHook": false,
      "skipped": false
    },
    {
      "title": "Verrifying the Binding",
      "fullTitle": "ListAddContainer Verrifying the Binding",
      "timedOut": false,
      "duration": 4,
      "state": "passed",
      "speed": "fast",
      "pass": true,
      "fail": false,
      "pending": false,
      "code": "var wrapper = (0, _enzyme.mount)(_react2.default.createElement(_ListAddContainer2.default, null));\nwrapper.find(_ListAddComponent.InputAreaComponent).prop('onSubmit')('handle method');\n(0, _chai.expect)(wrapper.state('datas')).to.be.deep.equal(['handle method']);",
      "err": {},
      "isRoot": false,
      "uuid": "34c6009a-8ab8-467e-a906-b1b97fae2f83",
      "parentUUID": "94b33c29-2b4e-4dfe-8044-520f7eae90ab",
      "isHook": false,
      "skipped": false
    },
    {
      "title": "render the item",
      "fullTitle": "ListAddContainer render the item",
      "timedOut": false,
      "duration": 9,
      "state": "passed",
      "speed": "fast",
      "pass": true,
      "fail": false,
      "pending": false,
      "code": "var wrapper = (0, _enzyme.mount)(_react2.default.createElement(_ListAddContainer2.default, null));\nwrapper.find('input').simulate('change', { target: { value: 'input value' } });\n(0, _chai.expect)(wrapper.state('text')).to.be.equal('input value');\nwrapper.find('button').simulate('submit');\n(0, _chai.expect)(wrapper.state('datas')).to.be.deep.equal(['input value']);",
      "err": {},
      "isRoot": false,
      "uuid": "6bdd7463-efa0-4976-b58b-30bd416ac1d1",
      "parentUUID": "94b33c29-2b4e-4dfe-8044-520f7eae90ab",
      "isHook": false,
      "skipped": false
    }
  ],
  "allFailures": [],
  "copyrightYear": 2017
}