{
  "stats": {
    "suites": 1,
    "tests": 1,
    "passes": 1,
    "pending": 0,
    "failures": 0,
    "start": "2017-10-27T09:59:06.792Z",
    "end": "2017-10-27T09:59:06.795Z",
    "duration": 3,
    "testsRegistered": 1,
    "passPercent": 100,
    "pendingPercent": 0,
    "other": 0,
    "hasOther": false,
    "skipped": 0,
    "hasSkipped": false,
    "passPercentClass": "success",
    "pendingPercentClass": "danger"
  },
  "suites": {
    "title": "",
    "suites": [
      {
        "title": "shallow_( at, childAt, children, closet)",
        "suites": [],
        "tests": [
          {
            "title": "shallow_at",
            "fullTitle": "shallow_( at, childAt, children, closet) shallow_at",
            "timedOut": false,
            "duration": 2,
            "state": "passed",
            "speed": "fast",
            "pass": true,
            "fail": false,
            "pending": false,
            "code": "var title = 'hello';\nvar wrapper = (0, _enzyme.shallow)(_react2.default.createElement(_TextareaComponent_child2.default, { title: title }));\nconsole.log(wrapper.html());\nconsole.log(wrapper.find('textarea').children());\n// expect(wrapper.find('textarea').at(0).value).to.equal('hello');",
            "err": {},
            "isRoot": false,
            "uuid": "6504b867-0224-45c0-919f-fc09428e2d08",
            "parentUUID": "b9e11f06-8c20-421c-8ea7-c4bd96993a3a",
            "isHook": false,
            "skipped": false
          }
        ],
        "pending": [],
        "root": false,
        "_timeout": 2000000,
        "file": "\\testEnzyme\\4_shallow_method.spec.js",
        "uuid": "b9e11f06-8c20-421c-8ea7-c4bd96993a3a",
        "beforeHooks": [],
        "afterHooks": [],
        "fullFile": "F:\\andy_code\\testDemo\\testEnzyme\\4_shallow_method.spec.js",
        "passes": [
          {
            "title": "shallow_at",
            "fullTitle": "shallow_( at, childAt, children, closet) shallow_at",
            "timedOut": false,
            "duration": 2,
            "state": "passed",
            "speed": "fast",
            "pass": true,
            "fail": false,
            "pending": false,
            "code": "var title = 'hello';\nvar wrapper = (0, _enzyme.shallow)(_react2.default.createElement(_TextareaComponent_child2.default, { title: title }));\nconsole.log(wrapper.html());\nconsole.log(wrapper.find('textarea').children());\n// expect(wrapper.find('textarea').at(0).value).to.equal('hello');",
            "err": {},
            "isRoot": false,
            "uuid": "6504b867-0224-45c0-919f-fc09428e2d08",
            "parentUUID": "b9e11f06-8c20-421c-8ea7-c4bd96993a3a",
            "isHook": false,
            "skipped": false
          }
        ],
        "failures": [],
        "skipped": [],
        "hasBeforeHooks": false,
        "hasAfterHooks": false,
        "hasTests": true,
        "hasSuites": false,
        "totalTests": 1,
        "totalPasses": 1,
        "totalFailures": 0,
        "totalPending": 0,
        "totalSkipped": 0,
        "hasPasses": true,
        "hasFailures": false,
        "hasPending": false,
        "hasSkipped": false,
        "duration": 2,
        "rootEmpty": false
      }
    ],
    "tests": [],
    "pending": [],
    "root": true,
    "_timeout": 2000000,
    "uuid": "8e72ddea-72d0-4c49-8d2a-c10728d31f60",
    "beforeHooks": [],
    "afterHooks": [],
    "fullFile": "",
    "file": "",
    "passes": [],
    "failures": [],
    "skipped": [],
    "hasBeforeHooks": false,
    "hasAfterHooks": false,
    "hasTests": false,
    "hasSuites": true,
    "totalTests": 0,
    "totalPasses": 0,
    "totalFailures": 0,
    "totalPending": 0,
    "totalSkipped": 0,
    "hasPasses": false,
    "hasFailures": false,
    "hasPending": false,
    "hasSkipped": false,
    "duration": 0,
    "rootEmpty": true
  },
  "allTests": [
    {
      "title": "shallow_at",
      "fullTitle": "shallow_( at, childAt, children, closet) shallow_at",
      "timedOut": false,
      "duration": 2,
      "state": "passed",
      "speed": "fast",
      "pass": true,
      "fail": false,
      "pending": false,
      "code": "var title = 'hello';\nvar wrapper = (0, _enzyme.shallow)(_react2.default.createElement(_TextareaComponent_child2.default, { title: title }));\nconsole.log(wrapper.html());\nconsole.log(wrapper.find('textarea').children());\n// expect(wrapper.find('textarea').at(0).value).to.equal('hello');",
      "err": {},
      "isRoot": false,
      "uuid": "6504b867-0224-45c0-919f-fc09428e2d08",
      "parentUUID": "b9e11f06-8c20-421c-8ea7-c4bd96993a3a",
      "isHook": false,
      "skipped": false
    }
  ],
  "allPending": [],
  "allPasses": [
    {
      "title": "shallow_at",
      "fullTitle": "shallow_( at, childAt, children, closet) shallow_at",
      "timedOut": false,
      "duration": 2,
      "state": "passed",
      "speed": "fast",
      "pass": true,
      "fail": false,
      "pending": false,
      "code": "var title = 'hello';\nvar wrapper = (0, _enzyme.shallow)(_react2.default.createElement(_TextareaComponent_child2.default, { title: title }));\nconsole.log(wrapper.html());\nconsole.log(wrapper.find('textarea').children());\n// expect(wrapper.find('textarea').at(0).value).to.equal('hello');",
      "err": {},
      "isRoot": false,
      "uuid": "6504b867-0224-45c0-919f-fc09428e2d08",
      "parentUUID": "b9e11f06-8c20-421c-8ea7-c4bd96993a3a",
      "isHook": false,
      "skipped": false
    }
  ],
  "allFailures": [],
  "copyrightYear": 2017
}