{"F:\\andy_code\\testDemo\\tools\\testSetup.js":{"path":"F:\\andy_code\\testDemo\\tools\\testSetup.js","s":{"1":1,"2":1,"3":1,"4":0,"5":1,"6":0,"7":1,"8":0,"9":1,"10":1,"11":1,"12":1,"13":1,"14":1,"15":1,"16":1,"17":1,"18":82,"19":62,"20":62,"21":1},"b":{"1":[62,20]},"f":{"1":0,"2":0,"3":0},"fnMap":{"1":{"name":"(anonymous_1)","line":28,"loc":{"start":{"line":28,"column":29},"end":{"line":28,"column":41}}},"2":{"name":"(anonymous_2)","line":29,"loc":{"start":{"line":29,"column":29},"end":{"line":29,"column":41}}},"3":{"name":"(anonymous_3)","line":30,"loc":{"start":{"line":30,"column":29},"end":{"line":30,"column":41}}}},"statementMap":{"1":{"start":{"line":20,"column":0},"end":{"line":20,"column":30}},"2":{"start":{"line":24,"column":0},"end":{"line":24,"column":28}},"3":{"start":{"line":28,"column":0},"end":{"line":28,"column":56}},"4":{"start":{"line":28,"column":42},"end":{"line":28,"column":54}},"5":{"start":{"line":29,"column":0},"end":{"line":29,"column":56}},"6":{"start":{"line":29,"column":42},"end":{"line":29,"column":54}},"7":{"start":{"line":30,"column":0},"end":{"line":30,"column":56}},"8":{"start":{"line":30,"column":42},"end":{"line":30,"column":54}},"9":{"start":{"line":34,"column":0},"end":{"line":34,"column":35}},"10":{"start":{"line":36,"column":0},"end":{"line":36,"column":60}},"11":{"start":{"line":38,"column":0},"end":{"line":40,"column":3}},"12":{"start":{"line":41,"column":0},"end":{"line":41,"column":37}},"13":{"start":{"line":42,"column":0},"end":{"line":42,"column":36}},"14":{"start":{"line":43,"column":0},"end":{"line":43,"column":46}},"15":{"start":{"line":44,"column":0},"end":{"line":44,"column":40}},"16":{"start":{"line":47,"column":0},"end":{"line":47,"column":32}},"17":{"start":{"line":49,"column":0},"end":{"line":54,"column":3}},"18":{"start":{"line":50,"column":4},"end":{"line":53,"column":5}},"19":{"start":{"line":51,"column":8},"end":{"line":51,"column":41}},"20":{"start":{"line":52,"column":8},"end":{"line":52,"column":58}},"21":{"start":{"line":56,"column":0},"end":{"line":58,"column":2}}},"branchMap":{"1":{"line":50,"type":"if","locations":[{"start":{"line":50,"column":4},"end":{"line":50,"column":4}},{"start":{"line":50,"column":4},"end":{"line":50,"column":4}}]}}}}